<?xml version="1.0" encoding="UTF-8"?>
<!-- Generated by org.testng.reporters.JUnitXMLReporter -->
<testsuite hostname="DESKTOP-MUMETVV" ignored="0" name="Default test" tests="3" failures="0" timestamp="2020-07-27T19:06:46 IST" time="3.553" errors="0">
  <testcase name="@BeforeMethod setup" time="2.795" classname="ddtexcel.dataprovidertest">
    <failure type="org.openqa.selenium.SessionNotCreatedException" message="session not created: This version of ChromeDriver only supports Chrome version 79
Build info: version: &amp;apos;3.141.59&amp;apos;, revision: &amp;apos;e82be7d358&amp;apos;, time: &amp;apos;2018-11-14T08:25:53&amp;apos;
System info: host: &amp;apos;DESKTOP-MUMETVV&amp;apos;, ip: &amp;apos;169.254.128.123&amp;apos;, os.name: &amp;apos;Windows 10&amp;apos;, os.arch: &amp;apos;amd64&amp;apos;, os.version: &amp;apos;10.0&amp;apos;, java.version: &amp;apos;1.8.0_261&amp;apos;
Driver info: driver.version: ChromeDriver
remote stacktrace: Backtrace:
	Ordinal0 [0x00BBA113+1548563]
	Ordinal0 [0x00B3DDA1+1039777]
	Ordinal0 [0x00ABE485+517253]
	Ordinal0 [0x00A4FD34+64820]
	Ordinal0 [0x00A4C61E+50718]
	Ordinal0 [0x00A6B797+178071]
	Ordinal0 [0x00A6B59D+177565]
	Ordinal0 [0x00A695FB+169467]
	Ordinal0 [0x00A5160A+71178]
	Ordinal0 [0x00A52690+75408]
	Ordinal0 [0x00A52629+75305]
	Ordinal0 [0x00B571B7+1143223]
	GetHandleVerifier [0x00C52B46+507814]
	GetHandleVerifier [0x00C52864+507076]
	GetHandleVerifier [0x00C59F47+537511]
	GetHandleVerifier [0x00C53402+510050]
	Ordinal0 [0x00B4F29C+1110684]
	Ordinal0 [0x00B5938B+1151883]
	Ordinal0 [0x00B594F3+1152243]
	Ordinal0 [0x00B583F5+1147893]
	BaseThreadInitThunk [0x773EF989+25]
	RtlGetAppContainerNamedObjectPath [0x77827084+228]
	RtlGetAppContainerNamedObjectPath [0x77827054+180]
">
      <![CDATA[org.openqa.selenium.SessionNotCreatedException: session not created: This version of ChromeDriver only supports Chrome version 79
Build info: version: '3.141.59', revision: 'e82be7d358', time: '2018-11-14T08:25:53'
System info: host: 'DESKTOP-MUMETVV', ip: '169.254.128.123', os.name: 'Windows 10', os.arch: 'amd64', os.version: '10.0', java.version: '1.8.0_261'
Driver info: driver.version: ChromeDriver
remote stacktrace: Backtrace:
Ordinal0 [0x00BBA113+1548563]
Ordinal0 [0x00B3DDA1+1039777]
Ordinal0 [0x00ABE485+517253]
Ordinal0 [0x00A4FD34+64820]
Ordinal0 [0x00A4C61E+50718]
Ordinal0 [0x00A6B797+178071]
Ordinal0 [0x00A6B59D+177565]
Ordinal0 [0x00A695FB+169467]
Ordinal0 [0x00A5160A+71178]
Ordinal0 [0x00A52690+75408]
Ordinal0 [0x00A52629+75305]
Ordinal0 [0x00B571B7+1143223]
GetHandleVerifier [0x00C52B46+507814]
GetHandleVerifier [0x00C52864+507076]
GetHandleVerifier [0x00C59F47+537511]
GetHandleVerifier [0x00C53402+510050]
Ordinal0 [0x00B4F29C+1110684]
Ordinal0 [0x00B5938B+1151883]
Ordinal0 [0x00B594F3+1152243]
Ordinal0 [0x00B583F5+1147893]
BaseThreadInitThunk [0x773EF989+25]
RtlGetAppContainerNamedObjectPath [0x77827084+228]
RtlGetAppContainerNamedObjectPath [0x77827054+180]

at sun.reflect.NativeConstructorAccessorImpl.newInstance0(Native Method)
at sun.reflect.NativeConstructorAccessorImpl.newInstance(Unknown Source)
at sun.reflect.DelegatingConstructorAccessorImpl.newInstance(Unknown Source)
at java.lang.reflect.Constructor.newInstance(Unknown Source)
at org.openqa.selenium.remote.W3CHandshakeResponse.lambda$errorHandler$0(W3CHandshakeResponse.java:62)
at org.openqa.selenium.remote.HandshakeResponse.lambda$getResponseFunction$0(HandshakeResponse.java:30)
at org.openqa.selenium.remote.ProtocolHandshake.lambda$createSession$0(ProtocolHandshake.java:126)
at java.util.stream.ReferencePipeline$3$1.accept(Unknown Source)
at java.util.Spliterators$ArraySpliterator.tryAdvance(Unknown Source)
at java.util.stream.ReferencePipeline.forEachWithCancel(Unknown Source)
at java.util.stream.AbstractPipeline.copyIntoWithCancel(Unknown Source)
at java.util.stream.AbstractPipeline.copyInto(Unknown Source)
at java.util.stream.AbstractPipeline.wrapAndCopyInto(Unknown Source)
at java.util.stream.FindOps$FindOp.evaluateSequential(Unknown Source)
at java.util.stream.AbstractPipeline.evaluate(Unknown Source)
at java.util.stream.ReferencePipeline.findFirst(Unknown Source)
at org.openqa.selenium.remote.ProtocolHandshake.createSession(ProtocolHandshake.java:128)
at org.openqa.selenium.remote.ProtocolHandshake.createSession(ProtocolHandshake.java:74)
at org.openqa.selenium.remote.HttpCommandExecutor.execute(HttpCommandExecutor.java:136)
at org.openqa.selenium.remote.service.DriverCommandExecutor.execute(DriverCommandExecutor.java:83)
at org.openqa.selenium.remote.RemoteWebDriver.execute(RemoteWebDriver.java:552)
at org.openqa.selenium.remote.RemoteWebDriver.startSession(RemoteWebDriver.java:213)
at org.openqa.selenium.remote.RemoteWebDriver.<init>(RemoteWebDriver.java:131)
at org.openqa.selenium.chrome.ChromeDriver.<init>(ChromeDriver.java:181)
at org.openqa.selenium.chrome.ChromeDriver.<init>(ChromeDriver.java:168)
at org.openqa.selenium.chrome.ChromeDriver.<init>(ChromeDriver.java:123)
at ddtexcel.Base.browseropen(Base.java:13)
at ddtexcel.dataprovidertest.setup(dataprovidertest.java:26)
at sun.reflect.NativeMethodAccessorImpl.invoke0(Native Method)
at sun.reflect.NativeMethodAccessorImpl.invoke(Unknown Source)
at sun.reflect.DelegatingMethodAccessorImpl.invoke(Unknown Source)
at java.lang.reflect.Method.invoke(Unknown Source)
at org.testng.internal.MethodInvocationHelper.invokeMethod(MethodInvocationHelper.java:133)
at org.testng.internal.MethodInvocationHelper.invokeMethodConsideringTimeout(MethodInvocationHelper.java:62)
at org.testng.internal.ConfigInvoker.invokeConfigurationMethod(ConfigInvoker.java:340)
at org.testng.internal.ConfigInvoker.invokeConfigurations(ConfigInvoker.java:294)
at org.testng.internal.TestInvoker.runConfigMethods(TestInvoker.java:683)
at org.testng.internal.TestInvoker.invokeMethod(TestInvoker.java:510)
at org.testng.internal.TestInvoker.invokeTestMethod(TestInvoker.java:172)
at org.testng.internal.MethodRunner.runInSequence(MethodRunner.java:46)
at org.testng.internal.TestInvoker$MethodInvocationAgent.invoke(TestInvoker.java:804)
at org.testng.internal.TestInvoker.invokeTestMethods(TestInvoker.java:145)
at org.testng.internal.TestMethodWorker.invokeTestMethods(TestMethodWorker.java:146)
at org.testng.internal.TestMethodWorker.run(TestMethodWorker.java:128)
at java.util.ArrayList.forEach(Unknown Source)
at org.testng.TestRunner.privateRun(TestRunner.java:770)
at org.testng.TestRunner.run(TestRunner.java:591)
at org.testng.SuiteRunner.runTest(SuiteRunner.java:402)
at org.testng.SuiteRunner.runSequentially(SuiteRunner.java:396)
at org.testng.SuiteRunner.privateRun(SuiteRunner.java:355)
at org.testng.SuiteRunner.run(SuiteRunner.java:304)
at org.testng.SuiteRunnerWorker.runSuite(SuiteRunnerWorker.java:53)
at org.testng.SuiteRunnerWorker.run(SuiteRunnerWorker.java:96)
at org.testng.TestNG.runSuitesSequentially(TestNG.java:1180)
at org.testng.TestNG.runSuitesLocally(TestNG.java:1102)
at org.testng.TestNG.runSuites(TestNG.java:1032)
at org.testng.TestNG.run(TestNG.java:1000)
at org.testng.remote.AbstractRemoteTestNG.run(AbstractRemoteTestNG.java:115)
at org.testng.remote.RemoteTestNG.initAndRun(RemoteTestNG.java:251)
at org.testng.remote.RemoteTestNG.main(RemoteTestNG.java:77)
]]>
    </failure>
  </testcase> <!-- @BeforeMethod setup -->
  <testcase name="@AfterMethod teardown" time="-1.595857006664E9" classname="ddtexcel.dataprovidertest">
    <skipped/>
  </testcase> <!-- @AfterMethod teardown -->
  <testcase name="@BeforeMethod setup" time="-1.595857006667E9" classname="ddtexcel.dataprovidertest">
    <skipped/>
  </testcase> <!-- @BeforeMethod setup -->
  <testcase name="@AfterMethod teardown" time="-1.595857006677E9" classname="ddtexcel.dataprovidertest">
    <skipped/>
  </testcase> <!-- @AfterMethod teardown -->
  <testcase name="@BeforeMethod setup" time="-1.595857006684E9" classname="ddtexcel.dataprovidertest">
    <skipped/>
  </testcase> <!-- @BeforeMethod setup -->
  <testcase name="@AfterMethod teardown" time="-1.595857006701E9" classname="ddtexcel.dataprovidertest">
    <skipped/>
  </testcase> <!-- @AfterMethod teardown -->
  <testcase name="testmn" time="0.0" classname="ddtexcel.dataprovidertest">
    <skipped/>
  </testcase> <!-- testmn -->
  <testcase name="testmn" time="0.0" classname="ddtexcel.dataprovidertest">
    <skipped/>
  </testcase> <!-- testmn -->
  <testcase name="testmn" time="0.0" classname="ddtexcel.dataprovidertest">
    <skipped/>
  </testcase> <!-- testmn -->
</testsuite> <!-- Default test -->
